[debug] [2022-12-31T17:53:14.860Z] ----------------------------------------------------------------------
[debug] [2022-12-31T17:53:14.864Z] Command:       C:\Program Files\nodejs\node.exe C:\Users\SADIQ IDRIS\AppData\Roaming\npm\node_modules\firebase-tools\lib\bin\firebase.js init
[debug] [2022-12-31T17:53:14.865Z] CLI Version:   11.19.0
[debug] [2022-12-31T17:53:14.865Z] Platform:      win32
[debug] [2022-12-31T17:53:14.866Z] Node Version:  v18.12.1
[debug] [2022-12-31T17:53:14.867Z] Time:          Sat Dec 31 2022 09:53:14 GMT-0800 (Pacific Standard Time)
[debug] [2022-12-31T17:53:14.868Z] ----------------------------------------------------------------------
[debug] 
[debug] [2022-12-31T17:53:14.875Z] >>> [apiv2][query] GET https://firebase-public.firebaseio.com/cli.json [none]
[debug] [2022-12-31T17:53:14.973Z] > command requires scopes: ["email","openid","https://www.googleapis.com/auth/cloudplatformprojects.readonly","https://www.googleapis.com/auth/firebase","https://www.googleapis.com/auth/cloud-platform"]
[debug] [2022-12-31T17:53:14.974Z] > authorizing via signed-in user (sadiqidris888@gmail.com)
[info] 
     ######## #### ########  ######## ########     ###     ######  ########
     ##        ##  ##     ## ##       ##     ##  ##   ##  ##       ##
     ######    ##  ########  ######   ########  #########  ######  ######
     ##        ##  ##    ##  ##       ##     ## ##     ##       ## ##
     ##       #### ##     ## ######## ########  ##     ##  ######  ########

You're about to initialize a Firebase project in this directory:

  C:\Users\SADIQ IDRIS\Documents\my-web-dev(file)\React\sa

[debug] [2022-12-31T17:53:16.168Z] <<< [apiv2][status] GET https://firebase-public.firebaseio.com/cli.json 200
[debug] [2022-12-31T17:53:16.170Z] <<< [apiv2][body] GET https://firebase-public.firebaseio.com/cli.json {"cloudBuildErrorAfter":1594252800000,"cloudBuildWarnAfter":1590019200000,"defaultNode10After":1594252800000,"minVersion":"3.0.5","node8DeploysDisabledAfter":1613390400000,"node8RuntimeDisabledAfter":1615809600000,"node8WarnAfter":1600128000000}
[info] 
=== Project Setup
[info] 
[info] First, let's associate this project directory with a Firebase project.
[info] You can create multiple project aliases by running firebase use --add, 
[info] but for now we'll just set up a default project.
[info] 
[debug] [2022-12-31T17:55:36.536Z] >>> [apiv2][query] GET https://firebase.googleapis.com/v1beta1/projects pageSize=100
[debug] [2022-12-31T17:55:38.975Z] <<< [apiv2][status] GET https://firebase.googleapis.com/v1beta1/projects 200
[debug] [2022-12-31T17:55:38.975Z] <<< [apiv2][body] GET https://firebase.googleapis.com/v1beta1/projects [omitted]
[info] i  Using project iblog-9e570 (iBlog) 
[info] 
=== Hosting Setup
[info] 
[info] Your public directory is the folder (relative to your project directory) that
[info] will contain Hosting assets to be uploaded with firebase deploy. If you
[info] have a build process for your assets, use your build's output directory.
[info] 
